2018-07-03 15:40:26 [127.0.0.1][3][-][error][yii\web\HttpException:404] yii\base\InvalidRouteException: Unable to resolve the request "admin/index". in C:\advanced\vendor\yiisoft\yii2\base\Module.php:537
Stack trace:
#0 C:\advanced\vendor\yiisoft\yii2\web\Application.php(103): yii\base\Module->runAction('admin/index', Array)
#1 C:\advanced\vendor\yiisoft\yii2\base\Application.php(386): yii\web\Application->handleRequest(Object(yii\web\Request))
#2 C:\advanced\frontend\web\index.php(18): yii\base\Application->run()
#3 {main}

Next yii\web\NotFoundHttpException: Page not found. in C:\advanced\vendor\yiisoft\yii2\web\Application.php:115
Stack trace:
#0 C:\advanced\vendor\yiisoft\yii2\base\Application.php(386): yii\web\Application->handleRequest(Object(yii\web\Request))
#1 C:\advanced\frontend\web\index.php(18): yii\base\Application->run()
#2 {main}
2018-07-03 15:40:26 [127.0.0.1][3][-][info][application] $_GET = [
    'r' => 'admin/index'
]

$_POST = []

$_FILES = []

$_COOKIE = [
    'SINGLE_LOGIN_PAGE' => '1'
    'cfids15' => 'Zi TvQ2Hp7QHefw8Fx7lJplGXGRT3LNCAub-uwc487yrHk9DyMnbxcqZjkKmpFyUEIwk08y8ThzBe3E1j6v1-CQDwBbSVbFybfntIH128O7ZmIo9uhkt7YcemSpsF8oCGkO0QjilDRZjsspy10dkLoC8wu1M8lxQ18-y1JP-0mw='
    '_identity-frontend' => 'a680ca76ea22468eac6b290a4e2e4f23c4493bfffefd2ec1be294384430336d6a:2:{i:0;s:18:\"_identity-frontend\";i:1;s:16:\"[3,null,2592000]\";}'
    'advanced-frontend' => '0g1n88ogtttm06gj3c7eo985o2'
    '_csrf-frontend' => '2637a874cbf6805d11b7c3676d844d42bd57e7a6d10556bb59711dc6f8c257f3a:2:{i:0;s:14:\"_csrf-frontend\";i:1;s:32:\"UPqq-Wi3g7Y8uAWBzueipPI85-ZDR-uW\";}'
    'PHPFRONTSESSID' => 'gcbl0fpbdn9ugav4t88e10eaaj'
    '_frontendUser' => '1cf6919aa612ead3130d551342288b2bce4b4e3c5c8a56628cf55ae23b25bc38a:2:{i:0;s:13:\"_frontendUser\";i:1;s:16:\"[3,null,2592000]\";}'
    '_frontendCSRF' => 'a2cf095d6d9f40eb3e7add262fa7520b6baceec0f38f008d7e2ca5a913f96978a:2:{i:0;s:13:\"_frontendCSRF\";i:1;s:32:\"gjIhiJ8yAlJIi0501PIDM6Hof9n9SU4A\";}'
]

$_SESSION = [
    '__flash' => []
    '__id' => 3
]

$_SERVER = [
    'DOCUMENT_ROOT' => 'C:\\advanced\\frontend\\web'
    'REMOTE_ADDR' => '127.0.0.1'
    'REMOTE_PORT' => '2507'
    'SERVER_SOFTWARE' => 'PHP 7.2.2 Development Server'
    'SERVER_PROTOCOL' => 'HTTP/1.1'
    'SERVER_NAME' => 'localhost'
    'SERVER_PORT' => '8080'
    'REQUEST_URI' => '/backend?r=admin%2Findex'
    'REQUEST_METHOD' => 'GET'
    'SCRIPT_NAME' => '/index.php'
    'SCRIPT_FILENAME' => 'C:\\advanced\\frontend\\web\\index.php'
    'PATH_INFO' => '/backend'
    'PHP_SELF' => '/index.php/backend'
    'QUERY_STRING' => 'r=admin%2Findex'
    'HTTP_HOST' => 'localhost:8080'
    'HTTP_CONNECTION' => 'keep-alive'
    'HTTP_CACHE_CONTROL' => 'max-age=0'
    'HTTP_UPGRADE_INSECURE_REQUESTS' => '1'
    'HTTP_USER_AGENT' => 'Mozilla/5.0 (Windows NT 10.0) AppleWebKit/537.36 (KHTML, like Gecko) Chrome/66.0.3359.181 YaBrowser/18.6.0.2255 Yowser/2.5 Safari/537.36'
    'HTTP_ACCEPT' => 'text/html,application/xhtml+xml,application/xml;q=0.9,image/webp,image/apng,*/*;q=0.8'
    'HTTP_ACCEPT_ENCODING' => 'gzip, deflate, br'
    'HTTP_ACCEPT_LANGUAGE' => 'ru,en;q=0.9'
    'HTTP_COOKIE' => 'SINGLE_LOGIN_PAGE=1; cfids15=Zi+TvQ2Hp7QHefw8Fx7lJplGXGRT3LNCAub-uwc487yrHk9DyMnbxcqZjkKmpFyUEIwk08y8ThzBe3E1j6v1-CQDwBbSVbFybfntIH128O7ZmIo9uhkt7YcemSpsF8oCGkO0QjilDRZjsspy10dkLoC8wu1M8lxQ18-y1JP-0mw=; _identity-frontend=a680ca76ea22468eac6b290a4e2e4f23c4493bfffefd2ec1be294384430336d6a%3A2%3A%7Bi%3A0%3Bs%3A18%3A%22_identity-frontend%22%3Bi%3A1%3Bs%3A16%3A%22%5B3%2Cnull%2C2592000%5D%22%3B%7D; advanced-frontend=0g1n88ogtttm06gj3c7eo985o2; _csrf-frontend=2637a874cbf6805d11b7c3676d844d42bd57e7a6d10556bb59711dc6f8c257f3a%3A2%3A%7Bi%3A0%3Bs%3A14%3A%22_csrf-frontend%22%3Bi%3A1%3Bs%3A32%3A%22UPqq-Wi3g7Y8uAWBzueipPI85-ZDR-uW%22%3B%7D; PHPFRONTSESSID=gcbl0fpbdn9ugav4t88e10eaaj; _frontendUser=1cf6919aa612ead3130d551342288b2bce4b4e3c5c8a56628cf55ae23b25bc38a%3A2%3A%7Bi%3A0%3Bs%3A13%3A%22_frontendUser%22%3Bi%3A1%3Bs%3A16%3A%22%5B3%2Cnull%2C2592000%5D%22%3B%7D; _frontendCSRF=a2cf095d6d9f40eb3e7add262fa7520b6baceec0f38f008d7e2ca5a913f96978a%3A2%3A%7Bi%3A0%3Bs%3A13%3A%22_frontendCSRF%22%3Bi%3A1%3Bs%3A32%3A%22gjIhiJ8yAlJIi0501PIDM6Hof9n9SU4A%22%3B%7D'
    'REQUEST_TIME_FLOAT' => 1530632426.7318
    'REQUEST_TIME' => 1530632426
]
2018-07-03 15:40:39 [127.0.0.1][3][gcbl0fpbdn9ugav4t88e10eaaj][error][yii\base\ViewNotFoundException] yii\base\ViewNotFoundException: The view file does not exist: C:\advanced\frontend\web\views\site\index.php in C:\advanced\vendor\yiisoft\yii2\base\View.php:233
Stack trace:
#0 C:\advanced\vendor\yiisoft\yii2\base\View.php(156): yii\base\View->renderFile('C:\\advanced\\fro...', Array, Object(frontend\controllers\SiteController))
#1 C:\advanced\vendor\yiisoft\yii2\base\Controller.php(384): yii\base\View->render('index', Array, Object(frontend\controllers\SiteController))
#2 C:\advanced\frontend\controllers\SiteController.php(84): yii\base\Controller->render('index', Array)
#3 [internal function]: frontend\controllers\SiteController->actionIndex()
#4 C:\advanced\vendor\yiisoft\yii2\base\InlineAction.php(57): call_user_func_array(Array, Array)
#5 C:\advanced\vendor\yiisoft\yii2\base\Controller.php(157): yii\base\InlineAction->runWithParams(Array)
#6 C:\advanced\vendor\yiisoft\yii2\base\Module.php(528): yii\base\Controller->runAction('', Array)
#7 C:\advanced\vendor\yiisoft\yii2\web\Application.php(103): yii\base\Module->runAction('', Array)
#8 C:\advanced\vendor\yiisoft\yii2\base\Application.php(386): yii\web\Application->handleRequest(Object(yii\web\Request))
#9 C:\advanced\frontend\web\index.php(18): yii\base\Application->run()
#10 {main}
2018-07-03 15:40:38 [127.0.0.1][3][gcbl0fpbdn9ugav4t88e10eaaj][info][application] $_GET = []

$_POST = []

$_FILES = []

$_COOKIE = [
    'SINGLE_LOGIN_PAGE' => '1'
    'cfids15' => 'Zi TvQ2Hp7QHefw8Fx7lJplGXGRT3LNCAub-uwc487yrHk9DyMnbxcqZjkKmpFyUEIwk08y8ThzBe3E1j6v1-CQDwBbSVbFybfntIH128O7ZmIo9uhkt7YcemSpsF8oCGkO0QjilDRZjsspy10dkLoC8wu1M8lxQ18-y1JP-0mw='
    '_identity-frontend' => 'a680ca76ea22468eac6b290a4e2e4f23c4493bfffefd2ec1be294384430336d6a:2:{i:0;s:18:\"_identity-frontend\";i:1;s:16:\"[3,null,2592000]\";}'
    'advanced-frontend' => '0g1n88ogtttm06gj3c7eo985o2'
    '_csrf-frontend' => '2637a874cbf6805d11b7c3676d844d42bd57e7a6d10556bb59711dc6f8c257f3a:2:{i:0;s:14:\"_csrf-frontend\";i:1;s:32:\"UPqq-Wi3g7Y8uAWBzueipPI85-ZDR-uW\";}'
    'PHPFRONTSESSID' => 'gcbl0fpbdn9ugav4t88e10eaaj'
    '_frontendUser' => '1cf6919aa612ead3130d551342288b2bce4b4e3c5c8a56628cf55ae23b25bc38a:2:{i:0;s:13:\"_frontendUser\";i:1;s:16:\"[3,null,2592000]\";}'
    '_frontendCSRF' => 'a2cf095d6d9f40eb3e7add262fa7520b6baceec0f38f008d7e2ca5a913f96978a:2:{i:0;s:13:\"_frontendCSRF\";i:1;s:32:\"gjIhiJ8yAlJIi0501PIDM6Hof9n9SU4A\";}'
]

$_SESSION = [
    '__flash' => []
    '__id' => 3
]

$_SERVER = [
    'DOCUMENT_ROOT' => 'C:\\advanced\\frontend\\web'
    'REMOTE_ADDR' => '127.0.0.1'
    'REMOTE_PORT' => '2520'
    'SERVER_SOFTWARE' => 'PHP 7.2.2 Development Server'
    'SERVER_PROTOCOL' => 'HTTP/1.1'
    'SERVER_NAME' => 'localhost'
    'SERVER_PORT' => '8080'
    'REQUEST_URI' => '/loh'
    'REQUEST_METHOD' => 'GET'
    'SCRIPT_NAME' => '/index.php'
    'SCRIPT_FILENAME' => 'C:\\advanced\\frontend\\web\\index.php'
    'PATH_INFO' => '/loh'
    'PHP_SELF' => '/index.php/loh'
    'HTTP_HOST' => 'localhost:8080'
    'HTTP_CONNECTION' => 'keep-alive'
    'HTTP_UPGRADE_INSECURE_REQUESTS' => '1'
    'HTTP_USER_AGENT' => 'Mozilla/5.0 (Windows NT 10.0) AppleWebKit/537.36 (KHTML, like Gecko) Chrome/66.0.3359.181 YaBrowser/18.6.0.2255 Yowser/2.5 Safari/537.36'
    'HTTP_ACCEPT' => 'text/html,application/xhtml+xml,application/xml;q=0.9,image/webp,image/apng,*/*;q=0.8'
    'HTTP_ACCEPT_ENCODING' => 'gzip, deflate, br'
    'HTTP_ACCEPT_LANGUAGE' => 'ru,en;q=0.9'
    'HTTP_COOKIE' => 'SINGLE_LOGIN_PAGE=1; cfids15=Zi+TvQ2Hp7QHefw8Fx7lJplGXGRT3LNCAub-uwc487yrHk9DyMnbxcqZjkKmpFyUEIwk08y8ThzBe3E1j6v1-CQDwBbSVbFybfntIH128O7ZmIo9uhkt7YcemSpsF8oCGkO0QjilDRZjsspy10dkLoC8wu1M8lxQ18-y1JP-0mw=; _identity-frontend=a680ca76ea22468eac6b290a4e2e4f23c4493bfffefd2ec1be294384430336d6a%3A2%3A%7Bi%3A0%3Bs%3A18%3A%22_identity-frontend%22%3Bi%3A1%3Bs%3A16%3A%22%5B3%2Cnull%2C2592000%5D%22%3B%7D; advanced-frontend=0g1n88ogtttm06gj3c7eo985o2; _csrf-frontend=2637a874cbf6805d11b7c3676d844d42bd57e7a6d10556bb59711dc6f8c257f3a%3A2%3A%7Bi%3A0%3Bs%3A14%3A%22_csrf-frontend%22%3Bi%3A1%3Bs%3A32%3A%22UPqq-Wi3g7Y8uAWBzueipPI85-ZDR-uW%22%3B%7D; PHPFRONTSESSID=gcbl0fpbdn9ugav4t88e10eaaj; _frontendUser=1cf6919aa612ead3130d551342288b2bce4b4e3c5c8a56628cf55ae23b25bc38a%3A2%3A%7Bi%3A0%3Bs%3A13%3A%22_frontendUser%22%3Bi%3A1%3Bs%3A16%3A%22%5B3%2Cnull%2C2592000%5D%22%3B%7D; _frontendCSRF=a2cf095d6d9f40eb3e7add262fa7520b6baceec0f38f008d7e2ca5a913f96978a%3A2%3A%7Bi%3A0%3Bs%3A13%3A%22_frontendCSRF%22%3Bi%3A1%3Bs%3A32%3A%22gjIhiJ8yAlJIi0501PIDM6Hof9n9SU4A%22%3B%7D'
    'REQUEST_TIME_FLOAT' => 1530632439.0125
    'REQUEST_TIME' => 1530632439
]
